# JRE version: OpenJDK Runtime Environment JBR-17.0.12+1-1087.25-nomod (17.0.12+1) (build 17.0.12+1-b1087.25)
# Java VM: OpenJDK 64-Bit Server VM JBR-17.0.12+1-1087.25-nomod (17.0.12+1-b1087.25, mixed mode, tiered, compressed oops, compressed class ptrs, g1 gc, windows-amd64)
GC Precious Log:
 CPUs: 16 total, 16 available
 Memory: 23853M
 Large Page Support: Disabled
 NUMA Support: Disabled
 Compressed Oops: Enabled (32-bit)
 Heap Region Size: 1M
 Heap Min Capacity: 8M
 Heap Initial Capacity: 374M
 Heap Max Capacity: 2G
 Pre-touch: Disabled
 Parallel Workers: 13
 Concurrent Workers: 3
 Concurrent Refinement Workers: 13
 Periodic GC: Disabled
Heap:
 garbage-first heap   total 230400K, used 136254K [0x0000000080000000, 0x0000000100000000)
  region size 1024K, 12 young (12288K), 2 survivors (2048K)
 Metaspace       used 146599K, committed 147392K, reserved 1179648K
  class space    used 19211K, committed 19584K, reserved 1048576K
GC Heap History (20 events):
Event: 30.650 GC heap before
{Heap before GC invocations=25 (full 0):
 garbage-first heap   total 219136K, used 113192K [0x0000000080000000, 0x0000000100000000)
  region size 1024K, 10 young (10240K), 7 survivors (7168K)
 Metaspace       used 113505K, committed 114240K, reserved 1179648K
  class space    used 14964K, committed 15296K, reserved 1048576K
}
Event: 30.654 GC heap after
{Heap after GC invocations=26 (full 0):
 garbage-first heap   total 219136K, used 110555K [0x0000000080000000, 0x0000000100000000)
  region size 1024K, 1 young (1024K), 1 survivors (1024K)
 Metaspace       used 113505K, committed 114240K, reserved 1179648K
  class space    used 14964K, committed 15296K, reserved 1048576K
}
Event: 32.038 GC heap before
{Heap before GC invocations=26 (full 0):
 garbage-first heap   total 219136K, used 177115K [0x0000000080000000, 0x0000000100000000)
  region size 1024K, 66 young (67584K), 1 survivors (1024K)
 Metaspace       used 119756K, committed 120512K, reserved 1179648K
  class space    used 15605K, committed 15936K, reserved 1048576K
}
Event: 32.044 GC heap after
{Heap after GC invocations=27 (full 0):
 garbage-first heap   total 219136K, used 115670K [0x0000000080000000, 0x0000000100000000)
  region size 1024K, 6 young (6144K), 6 survivors (6144K)
 Metaspace       used 119756K, committed 120512K, reserved 1179648K
  class space    used 15605K, committed 15936K, reserved 1048576K
}
Event: 33.030 GC heap before
{Heap before GC invocations=28 (full 0):
 garbage-first heap   total 219136K, used 178134K [0x0000000080000000, 0x0000000100000000)
  region size 1024K, 67 young (68608K), 6 survivors (6144K)
 Metaspace       used 128152K, committed 128896K, reserved 1179648K
  class space    used 16574K, committed 16896K, reserved 1048576K
}
Event: 33.038 GC heap after
{Heap after GC invocations=29 (full 0):
 garbage-first heap   total 219136K, used 119191K [0x0000000080000000, 0x0000000100000000)
  region size 1024K, 4 young (4096K), 4 survivors (4096K)
 Metaspace       used 128152K, committed 128896K, reserved 1179648K
  class space    used 16574K, committed 16896K, reserved 1048576K
}
Event: 33.175 GC heap before
{Heap before GC invocations=29 (full 0):
 garbage-first heap   total 219136K, used 124311K [0x0000000080000000, 0x0000000100000000)
  region size 1024K, 10 young (10240K), 4 survivors (4096K)
 Metaspace       used 129232K, committed 129984K, reserved 1179648K
  class space    used 16711K, committed 17024K, reserved 1048576K
}
Event: 33.178 GC heap after
{Heap after GC invocations=30 (full 0):
 garbage-first heap   total 219136K, used 118796K [0x0000000080000000, 0x0000000100000000)
  region size 1024K, 1 young (1024K), 1 survivors (1024K)
 Metaspace       used 129232K, committed 129984K, reserved 1179648K
  class space    used 16711K, committed 17024K, reserved 1048576K
}
Event: 34.548 GC heap before
{Heap before GC invocations=30 (full 0):
 garbage-first heap   total 219136K, used 171020K [0x0000000080000000, 0x0000000100000000)
  region size 1024K, 53 young (54272K), 1 survivors (1024K)
 Metaspace       used 136914K, committed 137664K, reserved 1179648K
  class space    used 17587K, committed 17920K, reserved 1048576K
}
Event: 34.552 GC heap after
{Heap after GC invocations=31 (full 0):
 garbage-first heap   total 219136K, used 120974K [0x0000000080000000, 0x0000000100000000)
  region size 1024K, 3 young (3072K), 3 survivors (3072K)
 Metaspace       used 136914K, committed 137664K, reserved 1179648K
  class space    used 17587K, committed 17920K, reserved 1048576K
}
Event: 35.682 GC heap before
{Heap before GC invocations=32 (full 0):
 garbage-first heap   total 219136K, used 183438K [0x0000000080000000, 0x0000000100000000)
  region size 1024K, 62 young (63488K), 3 survivors (3072K)
 Metaspace       used 142570K, committed 143360K, reserved 1179648K
  class space    used 18571K, committed 18944K, reserved 1048576K
}
Event: 35.687 GC heap after
{Heap after GC invocations=33 (full 0):
 garbage-first heap   total 219136K, used 125624K [0x0000000080000000, 0x0000000100000000)
  region size 1024K, 7 young (7168K), 7 survivors (7168K)
 Metaspace       used 142570K, committed 143360K, reserved 1179648K
  class space    used 18571K, committed 18944K, reserved 1048576K
}
Event: 35.694 GC heap before
{Heap before GC invocations=33 (full 0):
 garbage-first heap   total 219136K, used 131768K [0x0000000080000000, 0x0000000100000000)
  region size 1024K, 10 young (10240K), 7 survivors (7168K)
 Metaspace       used 142570K, committed 143360K, reserved 1179648K
  class space    used 18571K, committed 18944K, reserved 1048576K
}
Event: 35.698 GC heap after
{Heap after GC invocations=34 (full 0):
 garbage-first heap   total 219136K, used 129481K [0x0000000080000000, 0x0000000100000000)
  region size 1024K, 2 young (2048K), 2 survivors (2048K)
 Metaspace       used 142570K, committed 143360K, reserved 1179648K
  class space    used 18571K, committed 18944K, reserved 1048576K
}
Event: 36.107 GC heap before
{Heap before GC invocations=34 (full 0):
 garbage-first heap   total 219136K, used 185801K [0x0000000080000000, 0x0000000100000000)
  region size 1024K, 55 young (56320K), 2 survivors (2048K)
 Metaspace       used 142954K, committed 143744K, reserved 1179648K
  class space    used 18637K, committed 19008K, reserved 1048576K
}
Event: 36.113 GC heap after
{Heap after GC invocations=35 (full 0):
 garbage-first heap   total 219136K, used 133346K [0x0000000080000000, 0x0000000100000000)
  region size 1024K, 6 young (6144K), 6 survivors (6144K)
 Metaspace       used 142954K, committed 143744K, reserved 1179648K
  class space    used 18637K, committed 19008K, reserved 1048576K
}
Event: 37.021 GC heap before
{Heap before GC invocations=36 (full 0):
 garbage-first heap   total 230400K, used 181474K [0x0000000080000000, 0x0000000100000000)
  region size 1024K, 55 young (56320K), 6 survivors (6144K)
 Metaspace       used 145967K, committed 146816K, reserved 1179648K
  class space    used 19092K, committed 19456K, reserved 1048576K
}
Event: 37.027 GC heap after
{Heap after GC invocations=37 (full 0):
 garbage-first heap   total 230400K, used 133333K [0x0000000080000000, 0x0000000100000000)
  region size 1024K, 5 young (5120K), 5 survivors (5120K)
 Metaspace       used 145967K, committed 146816K, reserved 1179648K
  class space    used 19092K, committed 19456K, reserved 1048576K
}
Event: 37.083 GC heap before
{Heap before GC invocations=37 (full 0):
 garbage-first heap   total 230400K, used 139477K [0x0000000080000000, 0x0000000100000000)
  region size 1024K, 11 young (11264K), 5 survivors (5120K)
 Metaspace       used 145998K, committed 146816K, reserved 1179648K
  class space    used 19098K, committed 19456K, reserved 1048576K
}
Event: 37.088 GC heap after
{Heap after GC invocations=38 (full 0):
 garbage-first heap   total 230400K, used 127038K [0x0000000080000000, 0x0000000100000000)
  region size 1024K, 2 young (2048K), 2 survivors (2048K)
 Metaspace       used 145998K, committed 146816K, reserved 1179648K
  class space    used 19098K, committed 19456K, reserved 1048576K
}

